ERROR - 2023-09-22 06:21:14 --> Error connecting to the database: mysqli_sql_exception: Unknown database 'music player' in C:\laragon\www\laboratory2_valdez3f1\system\Database\MySQLi\Connection.php:185
Stack trace:
#0 C:\laragon\www\laboratory2_valdez3f1\system\Database\MySQLi\Connection.php(185): mysqli->real_connect('localhost', 'root', '', 'music player', 3306, '', 0)
#1 C:\laragon\www\laboratory2_valdez3f1\system\Database\BaseConnection.php(391): CodeIgniter\Database\MySQLi\Connection->connect(false)
#2 C:\laragon\www\laboratory2_valdez3f1\system\Database\BaseConnection.php(574): CodeIgniter\Database\BaseConnection->initialize()
#3 C:\laragon\www\laboratory2_valdez3f1\app\Controllers\MusicController.php(15): CodeIgniter\Database\BaseConnection->query('SELECT * FROM m...')
#4 C:\laragon\www\laboratory2_valdez3f1\system\CodeIgniter.php(919): App\Controllers\MusicController->index()
#5 C:\laragon\www\laboratory2_valdez3f1\system\CodeIgniter.php(494): CodeIgniter\CodeIgniter->runController(Object(App\Controllers\MusicController))
#6 C:\laragon\www\laboratory2_valdez3f1\system\CodeIgniter.php(353): CodeIgniter\CodeIgniter->handleRequest(NULL, Object(Config\Cache), false)
#7 C:\laragon\www\laboratory2_valdez3f1\public\index.php(79): CodeIgniter\CodeIgniter->run()
#8 C:\laragon\www\laboratory2_valdez3f1\system\Commands\Server\rewrite.php(47): require_once('C:\\laragon\\www\\...')
#9 {main}

Next CodeIgniter\Database\Exceptions\DatabaseException: Unknown database 'music player' in C:\laragon\www\laboratory2_valdez3f1\system\Database\MySQLi\Connection.php:229
Stack trace:
#0 C:\laragon\www\laboratory2_valdez3f1\system\Database\BaseConnection.php(391): CodeIgniter\Database\MySQLi\Connection->connect(false)
#1 C:\laragon\www\laboratory2_valdez3f1\system\Database\BaseConnection.php(574): CodeIgniter\Database\BaseConnection->initialize()
#2 C:\laragon\www\laboratory2_valdez3f1\app\Controllers\MusicController.php(15): CodeIgniter\Database\BaseConnection->query('SELECT * FROM m...')
#3 C:\laragon\www\laboratory2_valdez3f1\system\CodeIgniter.php(919): App\Controllers\MusicController->index()
#4 C:\laragon\www\laboratory2_valdez3f1\system\CodeIgniter.php(494): CodeIgniter\CodeIgniter->runController(Object(App\Controllers\MusicController))
#5 C:\laragon\www\laboratory2_valdez3f1\system\CodeIgniter.php(353): CodeIgniter\CodeIgniter->handleRequest(NULL, Object(Config\Cache), false)
#6 C:\laragon\www\laboratory2_valdez3f1\public\index.php(79): CodeIgniter\CodeIgniter->run()
#7 C:\laragon\www\laboratory2_valdez3f1\system\Commands\Server\rewrite.php(47): require_once('C:\\laragon\\www\\...')
#8 {main}
CRITICAL - 2023-09-22 06:21:14 --> Unable to connect to the database.
Main connection [MySQLi]: Unknown database 'music player'
in SYSTEMPATH\Database\BaseConnection.php on line 427.
 1 SYSTEMPATH\Database\BaseConnection.php(574): CodeIgniter\Database\BaseConnection->initialize()
 2 APPPATH\Controllers\MusicController.php(15): CodeIgniter\Database\BaseConnection->query('SELECT * FROM music')
 3 SYSTEMPATH\CodeIgniter.php(919): App\Controllers\MusicController->index()
 4 SYSTEMPATH\CodeIgniter.php(494): CodeIgniter\CodeIgniter->runController(Object(App\Controllers\MusicController))
 5 SYSTEMPATH\CodeIgniter.php(353): CodeIgniter\CodeIgniter->handleRequest(null, Object(Config\Cache), false)
 6 FCPATH\index.php(79): CodeIgniter\CodeIgniter->run()
 7 SYSTEMPATH\Commands\Server\rewrite.php(47): require_once('C:\\laragon\\www\\laboratory2_valdez3f1\\public\\index.php')
